<?xml version="1.0" encoding="UTF-8"?>
<!-- Generated by org.testng.reporters.JUnitReportReporter -->
<testsuite skipped="0" hostname="ALT01722" name="tests.ui.LandingPageTests" tests="2" failures="0" timestamp="14 Apr 2019 11:59:54 GMT" time="21.919" errors="0">
  <testcase name="TestNavigateFromContactUsLink" time="16.170" classname="tests.ui.LandingPageTests"/>
  <testcase name="TestNavigateFromContactMenuOption" time="5.749" classname="tests.ui.LandingPageTests"/>
</testsuite> <!-- tests.ui.LandingPageTests -->
