<?xml version="1.0" encoding="UTF-8"?>
<!-- Generated by org.testng.reporters.JUnitReportReporter -->
<testsuite skipped="1" hostname="ALT01722" name="tests.ui.LandingPageTests" tests="3" failures="0" timestamp="13 Apr 2019 11:06:32 GMT" time="9.333" errors="0">
  <testcase name="TestNavigateFromContactUsLink" time="2.881" classname="tests.ui.LandingPageTests"/>
  <testcase name="TestNavigateFromContactMenuOption" time="3.627" classname="tests.ui.LandingPageTests"/>
  <testcase name="TestNavigateFromContactUsLink" time="2.825" classname="tests.ui.LandingPageTests">
    <skipped/>
  </testcase> <!-- TestNavigateFromContactUsLink -->
</testsuite> <!-- tests.ui.LandingPageTests -->
