<?xml version="1.0" encoding="UTF-8"?>
<!-- Generated by org.testng.reporters.JUnitReportReporter -->
<testsuite skipped="0" hostname="ALT01722" name="tests.ui.ContactUsTests" tests="8" failures="0" timestamp="14 Apr 2019 15:07:52 GMT" time="53.243" errors="0">
  <testcase name="TestCreateQueryWithRequiredFields" time="3.825" classname="tests.ui.ContactUsTests"/>
  <testcase name="TestMoreThan500CharactersNotAllowed" time="15.753" classname="tests.ui.ContactUsTests"/>
  <testcase name="TestContactUsTestWithMultipleData" time="4.979" classname="tests.ui.ContactUsTests"/>
  <testcase name="TestContactUsTestWithMultipleData" time="4.765" classname="tests.ui.ContactUsTests"/>
  <testcase name="TestCreateQueryWithAllFields" time="4.413" classname="tests.ui.ContactUsTests"/>
  <testcase name="TestGotoPrivacyPolicyPage" time="3.030" classname="tests.ui.ContactUsTests"/>
  <testcase name="TestMandatoryFields" time="14.772" classname="tests.ui.ContactUsTests"/>
  <testcase name="TestContactUsEmailLabelText" time="1.706" classname="tests.ui.ContactUsTests"/>
</testsuite> <!-- tests.ui.ContactUsTests -->
