<?xml version="1.0" encoding="UTF-8"?>
<!-- Generated by org.testng.reporters.JUnitReportReporter -->
<testsuite skipped="0" hostname="ALT01722" name="tests.ui.LandingPageTests" tests="2" failures="0" timestamp="17 Apr 2019 19:50:19 GMT" time="5.220" errors="0">
  <testcase name="TestNavigateFromContactMenuOption" time="3.401" classname="tests.ui.LandingPageTests"/>
  <testcase name="TestNavigateFromContactUsLink" time="1.819" classname="tests.ui.LandingPageTests"/>
</testsuite> <!-- tests.ui.LandingPageTests -->
