<?xml version="1.0" encoding="UTF-8"?>
<!-- Generated by org.testng.reporters.JUnitReportReporter -->
<testsuite skipped="0" hostname="ALT01722" name="tests.ui.LandingPageTests" tests="2" failures="0" timestamp="14 Apr 2019 12:13:11 GMT" time="21.133" errors="0">
  <testcase name="TestNavigateFromContactUsLink" time="3.681" classname="tests.ui.LandingPageTests"/>
  <testcase name="TestNavigateFromContactMenuOption" time="17.452" classname="tests.ui.LandingPageTests"/>
</testsuite> <!-- tests.ui.LandingPageTests -->
