<?xml version="1.0" encoding="UTF-8"?>
<!-- Generated by org.testng.reporters.JUnitReportReporter -->
<testsuite skipped="0" hostname="ALT01722" name="tests.ui.ContactUsTests" tests="8" failures="0" timestamp="14 Apr 2019 12:13:11 GMT" time="114.319" errors="0">
  <testcase name="TestGotoPrivacyPolicyPage" time="8.773" classname="tests.ui.ContactUsTests"/>
  <testcase name="TestCreateQueryWithRequiredFields" time="3.845" classname="tests.ui.ContactUsTests"/>
  <testcase name="TestContactUsTestWithMultipleData" time="58.332" classname="tests.ui.ContactUsTests"/>
  <testcase name="TestContactUsTestWithMultipleData" time="5.182" classname="tests.ui.ContactUsTests"/>
  <testcase name="TestCreateQueryWithAllFields" time="5.122" classname="tests.ui.ContactUsTests"/>
  <testcase name="TestMandatoryFields" time="15.281" classname="tests.ui.ContactUsTests"/>
  <testcase name="TestMoreThan500CharactersNotAllowed" time="15.974" classname="tests.ui.ContactUsTests"/>
  <testcase name="TestContactUsEmailLabelText" time="1.810" classname="tests.ui.ContactUsTests"/>
</testsuite> <!-- tests.ui.ContactUsTests -->
