<?xml version="1.0" encoding="UTF-8"?>
<!-- Generated by org.testng.reporters.JUnitReportReporter -->
<testsuite skipped="0" hostname="ALT01722" name="tests.ui.LandingPageTests" tests="2" failures="0" timestamp="14 Apr 2019 15:07:52 GMT" time="4.521" errors="0">
  <testcase name="TestNavigateFromContactMenuOption" time="2.702" classname="tests.ui.LandingPageTests"/>
  <testcase name="TestNavigateFromContactUsLink" time="1.819" classname="tests.ui.LandingPageTests"/>
</testsuite> <!-- tests.ui.LandingPageTests -->
