<?xml version="1.0" encoding="UTF-8"?>
<!-- Generated by org.testng.reporters.JUnitReportReporter -->
<testsuite skipped="0" hostname="ALT01722" name="tests.ui.ContactUsTests" tests="8" failures="0" timestamp="14 Apr 2019 11:59:54 GMT" time="56.104" errors="0">
  <testcase name="TestMoreThan500CharactersNotAllowed" time="15.524" classname="tests.ui.ContactUsTests"/>
  <testcase name="TestCreateQueryWithRequiredFields" time="4.341" classname="tests.ui.ContactUsTests"/>
  <testcase name="TestCreateQueryWithAllFields" time="5.351" classname="tests.ui.ContactUsTests"/>
  <testcase name="TestGotoPrivacyPolicyPage" time="2.674" classname="tests.ui.ContactUsTests"/>
  <testcase name="TestMandatoryFields" time="15.760" classname="tests.ui.ContactUsTests"/>
  <testcase name="TestContactUsTestWithMultipleData" time="5.633" classname="tests.ui.ContactUsTests"/>
  <testcase name="TestContactUsTestWithMultipleData" time="5.404" classname="tests.ui.ContactUsTests"/>
  <testcase name="TestContactUsEmailLabelText" time="1.417" classname="tests.ui.ContactUsTests"/>
</testsuite> <!-- tests.ui.ContactUsTests -->
