<?xml version="1.0" encoding="UTF-8"?>
<!-- Generated by org.testng.reporters.JUnitReportReporter -->
<testsuite skipped="0" hostname="ALT01722" name="tests.ui.ContactUsTests" tests="8" failures="0" timestamp="13 Apr 2019 11:06:32 GMT" time="55.254" errors="0">
  <testcase name="TestMoreThan500CharactersNotAllowed" time="15.886" classname="tests.ui.ContactUsTests"/>
  <testcase name="TestContactUsTestWithMultipleData" time="4.567" classname="tests.ui.ContactUsTests"/>
  <testcase name="TestCreateQueryWithAllFields" time="4.716" classname="tests.ui.ContactUsTests"/>
  <testcase name="TestGotoPrivacyPolicyPage" time="2.806" classname="tests.ui.ContactUsTests"/>
  <testcase name="TestMandatoryFields" time="14.494" classname="tests.ui.ContactUsTests"/>
  <testcase name="TestContactUsTestWithMultipleData" time="6.242" classname="tests.ui.ContactUsTests"/>
  <testcase name="TestContactUsEmailLabelText" time="2.033" classname="tests.ui.ContactUsTests"/>
  <testcase name="TestCreateQueryWithRequiredFields" time="4.510" classname="tests.ui.ContactUsTests"/>
</testsuite> <!-- tests.ui.ContactUsTests -->
